<?xml version="1.0" encoding="UTF-8"?>
<testsuite name="trianglePackage.AppTest" tests="8" skipped="0" failures="0" errors="0" timestamp="2020-10-03T13:54:37" hostname="ASUS-GL503GE" time="0.006">
  <properties/>
  <testcase name="testAcute" classname="trianglePackage.AppTest" time="0.001"/>
  <testcase name="testRight" classname="trianglePackage.AppTest" time="0.0"/>
  <testcase name="testEquilateral" classname="trianglePackage.AppTest" time="0.0"/>
  <testcase name="testAppHasGreeting" classname="trianglePackage.AppTest" time="0.002"/>
  <testcase name="testNotRecognizeAngle" classname="trianglePackage.AppTest" time="0.0"/>
  <testcase name="testScalene" classname="trianglePackage.AppTest" time="0.0"/>
  <testcase name="testIsosceles" classname="trianglePackage.AppTest" time="0.0"/>
  <testcase name="testObtuse" classname="trianglePackage.AppTest" time="0.0"/>
  <system-out><![CDATA[]]></system-out>
  <system-err><![CDATA[]]></system-err>
</testsuite>
